filename = aramco-snapshot-1199.f32 
eb1 = 0.008231
eb2 = 0.000823
compression ratio = 11387.15 
compression time = 1.105204
compressed data file = /lcrc/project/ECP-EZ/jp/aramco/aramco-snapshot-1199.f32.sz.tmp
Min=-0.050720945000648498535, Max=0.031587012112140655518, range=0.082307957112789154053
Max absolute error = 0.0082
Max relative error = 0.1
Max pw relative error = 2.3E+33
PSNR = 39.942120, NRMSE= 0.0100668599
normError = 5.703167, normErr_norm = 0.439808
acEff=0.915368
compressionRatio = 11387.149381
decompression time = 0.441938 seconds.
decompressed file = aramco-snapshot-1199.f32.sz3.out
using SZ_compress_float_1D_MDQ
compression time = 0.577308
compressed data file: error.dat.sz
Using decompressDataSeries_float_1D
Min=-0.0082302652299404144287, Max=0.0082308333367109298706, range=0.016461098566651344299
Max absolute error = 0.0008229997
Max relative error = 0.049997
Max pw relative error = 1.000000
PSNR = 35.968713, NRMSE= 0.015906124397256287545
normError = 1.802202, normErr_norm = 0.303787
acEff=0.952772
compressionRatio=113.040636
decompression time = 0.377592 seconds.
decompressed data file: error.dat.sz.out
using SZ_compress_float_1D_MDQ
compression time = 0.861219
compressed data file: error.dat.sz
Using decompressDataSeries_float_1D
Min=-0.00082299974747002124786, Max=0.00082299974747002124786, range=0.0016459994949400424957
Max absolute error = 0.0000010000
Max relative error = 0.000608
Max pw relative error = 1.000000
PSNR = 72.897616, NRMSE= 0.00022652660265395623148
normError = 0.002566, normErr_norm = 0.001424
acEff=0.999999
compressionRatio=7.896871
decompression time = 0.812063 seconds.
decompressed data file: error.dat.sz.out
compression ratio = 842.79 
compression time = 1.121064
compressed data file = error.dat.sz.tmp
Min=-0.0082302652299404144287, Max=0.0082308333367109298706, range=0.016461098566651344299
Max absolute error = 0.00082
Max relative error = 0.05
Max pw relative error = 1.3E+34
PSNR = 40.330487, NRMSE= 0.009626660587
normError = 1.090724, normErr_norm = 0.199230
acEff=0.981782
compressionRatio = 842.794804
decompression time = 0.478458 seconds.
decompressed file = error.dat.sz3.out
compression ratio = 13.67 
compression time = 1.872869
compressed data file = error.dat.sz.tmp
Min=-0.00082299776840955018997, Max=0.00082299695350229740143, range=0.0016459947219118475914
Max absolute error = 1E-06
Max relative error = 0.00061
Max pw relative error = 6.5E+31
PSNR = 69.615300, NRMSE= 0.0003305483398
normError = 0.003745, normErr_norm = 0.003433
acEff=0.999994
compressionRatio = 13.672655
decompression time = 1.009391 seconds.
decompressed file = error.dat.sz3.out
compression ratio = 1798.01 
compression time = 1.252054
compressed data file = /lcrc/project/ECP-EZ/jp/aramco/aramco-snapshot-1199.f32.sz.tmp
Min=-0.050720945000648498535, Max=0.031587012112140655518, range=0.082307957112789154053
Max absolute error = 0.00082
Max relative error = 0.01
Max pw relative error = 1.7E+34
PSNR = 54.415132, NRMSE= 0.001902144127
normError = 1.077620, normErr_norm = 0.076615
acEff=0.997110
compressionRatio = 1798.010759
decompression time = 0.436139 seconds.
decompressed file = aramco-snapshot-1199.f32.sz3.out
compression ratio = 35.11 
compression time = 1.341607
compressed data file = /lcrc/project/ECP-EZ/jp/aramco/aramco-snapshot-1199.f32.sz.tmp
Min=-0.050720945000648498535, Max=0.031587012112140655518, range=0.082307957112789154053
Max absolute error = 1E-06
Max relative error = 1.2E-05
Max pw relative error = 2.2E+31
PSNR = 108.041091, NRMSE= 3.962282727E-06
normError = 0.002245, normErr_norm = 0.000158
acEff=1.000000
compressionRatio = 35.112019
decompression time = 0.565909 seconds.
decompressed file = aramco-snapshot-1199.f32.sz3.out
filename = aramco-snapshot-1199.f32 
eb1 = 0.000823
eb2 = 0.000082
compression ratio = 1798.01 
compression time = 1.194998
compressed data file = /lcrc/project/ECP-EZ/jp/aramco/aramco-snapshot-1199.f32.sz.tmp
Min=-0.050720945000648498535, Max=0.031587012112140655518, range=0.082307957112789154053
Max absolute error = 0.00082
Max relative error = 0.01
Max pw relative error = 1.7E+34
PSNR = 54.415132, NRMSE= 0.001902144127
normError = 1.077620, normErr_norm = 0.076615
acEff=0.997110
compressionRatio = 1798.010759
decompression time = 0.441768 seconds.
decompressed file = aramco-snapshot-1199.f32.sz3.out
using SZ_compress_float_1D_MDQ
compression time = 0.607463
compressed data file: error.dat.sz
Using decompressDataSeries_float_1D
Min=-0.00082299765199422836304, Max=0.00082299299538135528564, range=0.0016459906473755836487
Max absolute error = 0.0000820000
Max relative error = 0.049818
Max pw relative error = 1.000000
PSNR = 31.424566, NRMSE= 0.026839333256643331527
normError = 0.304074, normErr_norm = 0.272647
acEff=0.962135
compressionRatio=41.538152
decompression time = 0.388416 seconds.
decompressed data file: error.dat.sz.out
using SZ_compress_float_1D_MDQ
compression time = 0.999456
compressed data file: error.dat.sz
Using decompressDataSeries_float_1D
Min=-8.1999984104186296463E-05, Max=8.1999984104186296463E-05, range=0.00016399996820837259293
Max absolute error = 0.0000010000
Max relative error = 0.006098
Max pw relative error = 1.000000
PSNR = 49.121768, NRMSE= 0.003498739306742455063
normError = 0.003949, normErr_norm = 0.012986
acEff=0.999916
compressionRatio=6.893636
decompression time = 0.820404 seconds.
decompressed data file: error.dat.sz.out
compression ratio = 341.48 
compression time = 1.270966
compressed data file = error.dat.sz.tmp
Min=-0.00082299765199422836304, Max=0.00082299299538135528564, range=0.0016459906473755836487
Max absolute error = 8.2E-05
Max relative error = 0.05
Max pw relative error = 3E+31
PSNR = 38.562903, NRMSE= 0.01179926256
normError = 0.133679, normErr_norm = 0.123610
acEff=0.992370
compressionRatio = 341.484183
decompression time = 0.495253 seconds.
decompressed file = error.dat.sz3.out
compression ratio = 37.84 
compression time = 1.334027
compressed data file = error.dat.sz.tmp
Min=-8.1999984104186296463E-05, Max=8.1999751273542642593E-05, range=0.00016399973537772893906
Max absolute error = 1E-06
Max relative error = 0.0061
Max pw relative error = 3.3E+29
PSNR = 54.024589, NRMSE= 0.001989621777
normError = 0.002246, normErr_norm = 0.016813
acEff=0.999859
compressionRatio = 37.841055
decompression time = 0.555271 seconds.
decompressed file = error.dat.sz3.out
compression ratio = 322.38 
compression time = 1.228023
compressed data file = /lcrc/project/ECP-EZ/jp/aramco/aramco-snapshot-1199.f32.sz.tmp
Min=-0.050720945000648498535, Max=0.031587012112140655518, range=0.082307957112789154053
Max absolute error = 8.2E-05
Max relative error = 0.001
Max pw relative error = 1.9E+33
PSNR = 72.555225, NRMSE= 0.0002356344397
normError = 0.133494, normErr_norm = 0.009429
acEff=0.999956
compressionRatio = 322.380518
decompression time = 0.473083 seconds.
decompressed file = aramco-snapshot-1199.f32.sz3.out
compression ratio = 35.11 
compression time = 1.320869
compressed data file = /lcrc/project/ECP-EZ/jp/aramco/aramco-snapshot-1199.f32.sz.tmp
Min=-0.050720945000648498535, Max=0.031587012112140655518, range=0.082307957112789154053
Max absolute error = 1E-06
Max relative error = 1.2E-05
Max pw relative error = 2.2E+31
PSNR = 108.041091, NRMSE= 3.962282727E-06
normError = 0.002245, normErr_norm = 0.000158
acEff=1.000000
compressionRatio = 35.112019
decompression time = 0.584788 seconds.
decompressed file = aramco-snapshot-1199.f32.sz3.out
filename = aramco-snapshot-1199.f32 
eb1 = 0.000082
eb2 = 0.000008
compression ratio = 322.38 
compression time = 1.219086
compressed data file = /lcrc/project/ECP-EZ/jp/aramco/aramco-snapshot-1199.f32.sz.tmp
Min=-0.050720945000648498535, Max=0.031587012112140655518, range=0.082307957112789154053
Max absolute error = 8.2E-05
Max relative error = 0.001
Max pw relative error = 1.9E+33
PSNR = 72.555225, NRMSE= 0.0002356344397
normError = 0.133494, normErr_norm = 0.009429
acEff=0.999956
compressionRatio = 322.380518
decompression time = 0.442931 seconds.
decompressed file = aramco-snapshot-1199.f32.sz3.out
using SZ_compress_float_1D_MDQ
compression time = 0.640072
compressed data file: error.dat.sz
Using decompressDataSeries_float_1D
Min=-8.1999984104186296463E-05, Max=8.1999925896525382996E-05, range=0.00016399991000071167946
Max absolute error = 0.0000080000
Max relative error = 0.048781
Max pw relative error = 1.000000
PSNR = 31.521753, NRMSE= 0.026540698242070791951
normError = 0.029960, normErr_norm = 0.219213
acEff=0.975644
compressionRatio=27.955987
decompression time = 0.523590 seconds.
decompressed data file: error.dat.sz.out
using SZ_compress_float_1D_MDQ
compression time = 0.727956
compressed data file: error.dat.sz
Using decompressDataSeries_float_1D
Min=-7.9999981608125381172E-06, Max=7.9999990703072398901E-06, range=1.599999814061447978E-05
Max absolute error = 0.0000010000
Max relative error = 0.062500
Max pw relative error = 1.000000
PSNR = 28.945977, NRMSE= 0.035702705523123025311
normError = 0.003932, normErr_norm = 0.129180
acEff=0.991643
compressionRatio=16.323816
decompression time = 0.505415 seconds.
decompressed data file: error.dat.sz.out
compression ratio = 98.17 
compression time = 1.269347
compressed data file = error.dat.sz.tmp
Min=-8.1999984104186296463E-05, Max=8.1999925896525382996E-05, range=0.00016399991000071167946
Max absolute error = 8E-06
Max relative error = 0.049
Max pw relative error = 8.2E+05
PSNR = 37.300943, NRMSE= 0.01364435026
normError = 0.015402, normErr_norm = 0.115194
acEff=0.993359
compressionRatio = 98.170471
decompression time = 0.514753 seconds.
decompressed file = error.dat.sz3.out
compression ratio = 47.73 
compression time = 1.264511
compressed data file = error.dat.sz.tmp
Min=-7.9999954323284327984E-06, Max=7.9999972513178363442E-06, range=1.5999992683646269143E-05
Max absolute error = 1E-06
Max relative error = 0.063
Max pw relative error = 1.1E+21
PSNR = 33.194154, NRMSE= 0.02189234526
normError = 0.002411, normErr_norm = 0.159525
acEff=0.987661
compressionRatio = 47.729637
decompression time = 0.544271 seconds.
decompressed file = error.dat.sz3.out
compression ratio = 85.70 
compression time = 1.287887
compressed data file = /lcrc/project/ECP-EZ/jp/aramco/aramco-snapshot-1199.f32.sz.tmp
Min=-0.050720945000648498535, Max=0.031587012112140655518, range=0.082307957112789154053
Max absolute error = 8E-06
Max relative error = 9.7E-05
Max pw relative error = 2.1E+32
PSNR = 91.171228, NRMSE= 2.76336726E-05
normError = 0.015655, normErr_norm = 0.001105
acEff=0.999999
compressionRatio = 85.702655
decompression time = 0.487993 seconds.
decompressed file = aramco-snapshot-1199.f32.sz3.out
compression ratio = 35.11 
compression time = 1.415942
compressed data file = /lcrc/project/ECP-EZ/jp/aramco/aramco-snapshot-1199.f32.sz.tmp
Min=-0.050720945000648498535, Max=0.031587012112140655518, range=0.082307957112789154053
Max absolute error = 1E-06
Max relative error = 1.2E-05
Max pw relative error = 2.2E+31
PSNR = 108.041091, NRMSE= 3.962282727E-06
normError = 0.002245, normErr_norm = 0.000158
acEff=1.000000
compressionRatio = 35.112019
decompression time = 0.560242 seconds.
decompressed file = aramco-snapshot-1199.f32.sz3.out
filename = aramco-snapshot-1199.f32 
eb1 = 0.008231
eb2 = 0.000082
compression ratio = 11387.15 
compression time = 1.128822
compressed data file = /lcrc/project/ECP-EZ/jp/aramco/aramco-snapshot-1199.f32.sz.tmp
Min=-0.050720945000648498535, Max=0.031587012112140655518, range=0.082307957112789154053
Max absolute error = 0.0082
Max relative error = 0.1
Max pw relative error = 2.3E+33
PSNR = 39.942120, NRMSE= 0.0100668599
normError = 5.703167, normErr_norm = 0.439808
acEff=0.915368
compressionRatio = 11387.149381
decompression time = 0.415182 seconds.
decompressed file = aramco-snapshot-1199.f32.sz3.out
using SZ_compress_float_1D_MDQ
compression time = 0.710286
compressed data file: error.dat.sz
Using decompressDataSeries_float_1D
Min=-0.0082302652299404144287, Max=0.0082308333367109298706, range=0.016461098566651344299
Max absolute error = 0.0000820000
Max relative error = 0.004981
Max pw relative error = 1.000000
PSNR = 55.392690, NRMSE= 0.0016996735116472806021
normError = 0.192577, normErr_norm = 0.033781
acEff=0.999430
compressionRatio=24.535065
decompression time = 0.481453 seconds.
decompressed data file: error.dat.sz.out
using SZ_compress_float_1D_MDQ
compression time = 0.803360
compressed data file: error.dat.sz
Using decompressDataSeries_float_1D
Min=-8.1999969552271068096E-05, Max=8.1999955000355839729E-05, range=0.00016399992455262690783
Max absolute error = 0.0000010000
Max relative error = 0.006098
Max pw relative error = 1.000000
PSNR = 52.854217, NRMSE= 0.0022766126147483532575
normError = 0.002570, normErr_norm = 0.013342
acEff=0.999911
compressionRatio=11.525324
decompression time = 0.583707 seconds.
decompressed data file: error.dat.sz.out
compression ratio = 121.64 
compression time = 1.268916
compressed data file = error.dat.sz.tmp
Min=-0.0082302652299404144287, Max=0.0082308333367109298706, range=0.016461098566651344299
Max absolute error = 8.2E-05
Max relative error = 0.005
Max pw relative error = 1.9E+33
PSNR = 57.501679, NRMSE= 0.0013332637
normError = 0.151062, normErr_norm = 0.026465
acEff=0.999651
compressionRatio = 121.635886
decompression time = 0.473727 seconds.
decompressed file = error.dat.sz3.out
compression ratio = 28.23 
compression time = 1.323139
compressed data file = error.dat.sz.tmp
Min=-8.1999925896525382996E-05, Max=8.1999925896525382996E-05, range=0.00016399985179305076599
Max absolute error = 1E-06
Max relative error = 0.0061
Max pw relative error = 3.3E+29
PSNR = 53.914375, NRMSE= 0.002015028807
normError = 0.002275, normErr_norm = 0.015057
acEff=0.999886
compressionRatio = 28.229600
decompression time = 0.589615 seconds.
decompressed file = error.dat.sz3.out
compression ratio = 322.38 
compression time = 1.298841
compressed data file = /lcrc/project/ECP-EZ/jp/aramco/aramco-snapshot-1199.f32.sz.tmp
Min=-0.050720945000648498535, Max=0.031587012112140655518, range=0.082307957112789154053
Max absolute error = 8.2E-05
Max relative error = 0.001
Max pw relative error = 1.9E+33
PSNR = 72.555225, NRMSE= 0.0002356344397
normError = 0.133494, normErr_norm = 0.009429
acEff=0.999956
compressionRatio = 322.380518
decompression time = 0.551503 seconds.
decompressed file = aramco-snapshot-1199.f32.sz3.out
compression ratio = 35.11 
compression time = 1.389761
compressed data file = /lcrc/project/ECP-EZ/jp/aramco/aramco-snapshot-1199.f32.sz.tmp
Min=-0.050720945000648498535, Max=0.031587012112140655518, range=0.082307957112789154053
Max absolute error = 1E-06
Max relative error = 1.2E-05
Max pw relative error = 2.2E+31
PSNR = 108.041091, NRMSE= 3.962282727E-06
normError = 0.002245, normErr_norm = 0.000158
acEff=1.000000
compressionRatio = 35.112019
decompression time = 0.567299 seconds.
decompressed file = aramco-snapshot-1199.f32.sz3.out
filename = aramco-snapshot-1199.f32 
eb1 = 0.008231
eb2 = 0.000008
compression ratio = 11387.15 
compression time = 1.136830
compressed data file = /lcrc/project/ECP-EZ/jp/aramco/aramco-snapshot-1199.f32.sz.tmp
Min=-0.050720945000648498535, Max=0.031587012112140655518, range=0.082307957112789154053
Max absolute error = 0.0082
Max relative error = 0.1
Max pw relative error = 2.3E+33
PSNR = 39.942120, NRMSE= 0.0100668599
normError = 5.703167, normErr_norm = 0.439808
acEff=0.915368
compressionRatio = 11387.149381
decompression time = 0.448785 seconds.
decompressed file = aramco-snapshot-1199.f32.sz3.out
using SZ_compress_float_1D_MDQ
compression time = 0.908158
compressed data file: error.dat.sz
Using decompressDataSeries_float_1D
Min=-0.0082302652299404144287, Max=0.0082308333367109298706, range=0.016461098566651344299
Max absolute error = 0.0000080000
Max relative error = 0.000486
Max pw relative error = 1.000000
PSNR = 75.497739, NRMSE= 0.00016792410521772893899
normError = 0.019026, normErr_norm = 0.003336
acEff=0.999994
compressionRatio=10.625228
decompression time = 0.623787 seconds.
decompressed data file: error.dat.sz.out
using SZ_compress_float_1D_MDQ
compression time = 0.642885
compressed data file: error.dat.sz
Using decompressDataSeries_float_1D
Min=-7.9999945228337310255E-06, Max=7.9999990703072398901E-06, range=1.5999994502635672688E-05
Max absolute error = 0.0000010000
Max relative error = 0.062500
Max pw relative error = 1.000000
PSNR = 32.697746, NRMSE= 0.023179960989653813214
normError = 0.002553, normErr_norm = 0.132241
acEff=0.991233
compressionRatio=25.643568
decompression time = 0.400237 seconds.
decompressed data file: error.dat.sz.out
compression ratio = 44.73 
compression time = 1.360175
compressed data file = error.dat.sz.tmp
Min=-0.0082302652299404144287, Max=0.0082308333367109298706, range=0.016461098566651344299
Max absolute error = 8E-06
Max relative error = 0.00049
Max pw relative error = 1.9E+32
PSNR = 76.912749, NRMSE= 0.0001426798204
normError = 0.016166, normErr_norm = 0.002835
acEff=0.999996
compressionRatio = 44.728403
decompression time = 0.569115 seconds.
decompressed file = error.dat.sz3.out
compression ratio = 42.44 
compression time = 1.252385
compressed data file = error.dat.sz.tmp
Min=-7.9999954323284327984E-06, Max=7.9999954323284327984E-06, range=1.5999990864656865597E-05
Max absolute error = 1E-06
Max relative error = 0.063
Max pw relative error = 1.1E+21
PSNR = 32.984828, NRMSE= 0.02242634958
normError = 0.002470, normErr_norm = 0.155650
acEff=0.988269
compressionRatio = 42.443152
decompression time = 0.533883 seconds.
decompressed file = error.dat.sz3.out
compression ratio = 85.70 
compression time = 1.339148
compressed data file = /lcrc/project/ECP-EZ/jp/aramco/aramco-snapshot-1199.f32.sz.tmp
Min=-0.050720945000648498535, Max=0.031587012112140655518, range=0.082307957112789154053
Max absolute error = 8E-06
Max relative error = 9.7E-05
Max pw relative error = 2.1E+32
PSNR = 91.171228, NRMSE= 2.76336726E-05
normError = 0.015655, normErr_norm = 0.001105
acEff=0.999999
compressionRatio = 85.702655
decompression time = 0.483603 seconds.
decompressed file = aramco-snapshot-1199.f32.sz3.out
compression ratio = 35.11 
compression time = 1.368360
compressed data file = /lcrc/project/ECP-EZ/jp/aramco/aramco-snapshot-1199.f32.sz.tmp
Min=-0.050720945000648498535, Max=0.031587012112140655518, range=0.082307957112789154053
Max absolute error = 1E-06
Max relative error = 1.2E-05
Max pw relative error = 2.2E+31
PSNR = 108.041091, NRMSE= 3.962282727E-06
normError = 0.002245, normErr_norm = 0.000158
acEff=1.000000
compressionRatio = 35.112019
decompression time = 0.610340 seconds.
decompressed file = aramco-snapshot-1199.f32.sz3.out
filename = aramco-snapshot-1199.f32 
eb1 = 0.000823
eb2 = 0.000082
compression ratio = 1798.01 
compression time = 1.166365
compressed data file = /lcrc/project/ECP-EZ/jp/aramco/aramco-snapshot-1199.f32.sz.tmp
Min=-0.050720945000648498535, Max=0.031587012112140655518, range=0.082307957112789154053
Max absolute error = 0.00082
Max relative error = 0.01
Max pw relative error = 1.7E+34
PSNR = 54.415132, NRMSE= 0.001902144127
normError = 1.077620, normErr_norm = 0.076615
acEff=0.997110
compressionRatio = 1798.010759
decompression time = 0.462346 seconds.
decompressed file = aramco-snapshot-1199.f32.sz3.out
using SZ_compress_float_1D_MDQ
compression time = 0.617433
compressed data file: error.dat.sz
Using decompressDataSeries_float_1D
Min=-0.00082299765199422836304, Max=0.00082299299538135528564, range=0.0016459906473755836487
Max absolute error = 0.0000820000
Max relative error = 0.049818
Max pw relative error = 1.000000
PSNR = 31.424566, NRMSE= 0.026839333256643331527
normError = 0.304074, normErr_norm = 0.272647
acEff=0.962135
compressionRatio=41.538152
decompression time = 0.438393 seconds.
decompressed data file: error.dat.sz.out
using SZ_compress_float_1D_MDQ
compression time = 0.957184
compressed data file: error.dat.sz
Using decompressDataSeries_float_1D
Min=-8.1999984104186296463E-05, Max=8.1999984104186296463E-05, range=0.00016399996820837259293
Max absolute error = 0.0000010000
Max relative error = 0.006098
Max pw relative error = 1.000000
PSNR = 49.121768, NRMSE= 0.003498739306742455063
normError = 0.003949, normErr_norm = 0.012986
acEff=0.999916
compressionRatio=6.893636
decompression time = 0.791893 seconds.
decompressed data file: error.dat.sz.out
compression ratio = 341.48 
compression time = 1.367011
compressed data file = error.dat.sz.tmp
Min=-0.00082299765199422836304, Max=0.00082299299538135528564, range=0.0016459906473755836487
Max absolute error = 8.2E-05
Max relative error = 0.05
Max pw relative error = 3E+31
PSNR = 38.562903, NRMSE= 0.01179926256
normError = 0.133679, normErr_norm = 0.123610
acEff=0.992370
compressionRatio = 341.484183
decompression time = 0.485223 seconds.
decompressed file = error.dat.sz3.out
compression ratio = 37.84 
compression time = 1.382289
compressed data file = error.dat.sz.tmp
Min=-8.1999984104186296463E-05, Max=8.1999751273542642593E-05, range=0.00016399973537772893906
Max absolute error = 1E-06
Max relative error = 0.0061
Max pw relative error = 3.3E+29
PSNR = 54.024589, NRMSE= 0.001989621777
normError = 0.002246, normErr_norm = 0.016813
acEff=0.999859
compressionRatio = 37.841055
decompression time = 0.549854 seconds.
decompressed file = error.dat.sz3.out
compression ratio = 322.38 
compression time = 1.213342
compressed data file = /lcrc/project/ECP-EZ/jp/aramco/aramco-snapshot-1199.f32.sz.tmp
Min=-0.050720945000648498535, Max=0.031587012112140655518, range=0.082307957112789154053
Max absolute error = 8.2E-05
Max relative error = 0.001
Max pw relative error = 1.9E+33
PSNR = 72.555225, NRMSE= 0.0002356344397
normError = 0.133494, normErr_norm = 0.009429
acEff=0.999956
compressionRatio = 322.380518
decompression time = 0.457900 seconds.
decompressed file = aramco-snapshot-1199.f32.sz3.out
compression ratio = 35.11 
compression time = 1.428522
compressed data file = /lcrc/project/ECP-EZ/jp/aramco/aramco-snapshot-1199.f32.sz.tmp
Min=-0.050720945000648498535, Max=0.031587012112140655518, range=0.082307957112789154053
Max absolute error = 1E-06
Max relative error = 1.2E-05
Max pw relative error = 2.2E+31
PSNR = 108.041091, NRMSE= 3.962282727E-06
normError = 0.002245, normErr_norm = 0.000158
acEff=1.000000
compressionRatio = 35.112019
decompression time = 0.564389 seconds.
decompressed file = aramco-snapshot-1199.f32.sz3.out
