filename = velocity_x.dat 
eb1 = 
eb2 = 
Note: SZ3 command line arguments are backward compatible with SZ2, 
      use -h2 to show the supported SZ2 command line arguments. 
Usage: sz <options>
Options:
* general options:
	-h: print the help information
	-h2: print the help information for SZ2 style command line
	-v: print the version number
	-a : print compression results such as distortions
* input and output:
	-i <path> : original binary input file
	-o <path> : compressed output file, default in binary format
	-z <path> : compressed output (w -i) or input (w/o -i) file
	-t : store compressed output file in text format
* data type:
	-f: single precision (float type)
	-d: double precision (double type)
	-I <width>: integer type (width = 32 or 64)
* configuration file: 
	-c <configuration file> : configuration file sz.config
* error control: (the error control parameters here will overwrite the setting in sz.config)
	-M <error control mode> <error bound (optional)> 
	error control mode as follows: 
		ABS (absolute error bound)
		REL (value range based error bound, so a.k.a., VR_REL)
		PSNR (peak signal-to-noise ratio)
		NORM (norm2 error : sqrt(sum(xi-xi')^2)
		ABS_AND_REL (using min{ABS, REL})
		ABS_OR_REL (using max{ABS, REL})
	error bound can be set directly after the error control mode, or separately with the following options:
		-A <absolute error bound>: specifying absolute error bound
		-R <value_range based relative error bound>: specifying relative error bound
		-S <PSNR>: specifying PSNR
		-N <normErr>: specifying normErr
* dimensions: 
	-1 <nx> : dimension for 1D data such as data[nx]
	-2 <nx> <ny> : dimensions for 2D data such as data[ny][nx]
	-3 <nx> <ny> <nz> : dimensions for 3D data such as data[nz][ny][nx] 
	-4 <nx> <ny> <nz> <np>: dimensions for 4D data such as data[np][nz][ny][nx] 
* examples: 
	sz -f -i test.dat    -z test.dat.sz     -3 8 8 128 -M ABS 1e-3 
	sz -f -z test.dat.sz -o test.dat.sz.out -3 8 8 128 -M REL 1e-3 -a 
	sz -f -i test.dat    -o test.dat.sz.out -3 8 8 128 -M ABS_AND_REL -A 1 -R 1e-3 -a 
	sz -f -i test.dat    -o test.dat.sz.out -3 8 8 128 -c sz.config 
	sz -f -i test.dat    -o test.dat.sz.out -3 8 8 128 -c sz.config -M ABS 1e-3 -a
filename = velocity_x.dat 
eb1 = 
eb2 = 
====================================== BEGIN TUNING ================================
filename = velocity_x.dat 
eb1 = 822836.400000
eb2 = 82283.640000
Error: wrong error bound mode setting by using the option '-M'
Note: SZ3 command line arguments are backward compatible with SZ2, 
      use -h2 to show the supported SZ2 command line arguments. 
Usage: sz <options>
Options:
* general options:
	-h: print the help information
	-h2: print the help information for SZ2 style command line
	-v: print the version number
	-a : print compression results such as distortions
* input and output:
	-i <path> : original binary input file
	-o <path> : compressed output file, default in binary format
	-z <path> : compressed output (w -i) or input (w/o -i) file
	-t : store compressed output file in text format
* data type:
	-f: single precision (float type)
	-d: double precision (double type)
	-I <width>: integer type (width = 32 or 64)
* configuration file: 
	-c <configuration file> : configuration file sz.config
* error control: (the error control parameters here will overwrite the setting in sz.config)
	-M <error control mode> <error bound (optional)> 
	error control mode as follows: 
		ABS (absolute error bound)
		REL (value range based error bound, so a.k.a., VR_REL)
		PSNR (peak signal-to-noise ratio)
		NORM (norm2 error : sqrt(sum(xi-xi')^2)
		ABS_AND_REL (using min{ABS, REL})
		ABS_OR_REL (using max{ABS, REL})
	error bound can be set directly after the error control mode, or separately with the following options:
		-A <absolute error bound>: specifying absolute error bound
		-R <value_range based relative error bound>: specifying relative error bound
		-S <PSNR>: specifying PSNR
		-N <normErr>: specifying normErr
* dimensions: 
	-1 <nx> : dimension for 1D data such as data[nx]
	-2 <nx> <ny> : dimensions for 2D data such as data[ny][nx]
	-3 <nx> <ny> <nz> : dimensions for 3D data such as data[nz][ny][nx] 
	-4 <nx> <ny> <nz> <np>: dimensions for 4D data such as data[np][nz][ny][nx] 
* examples: 
	sz -f -i test.dat    -z test.dat.sz     -3 8 8 128 -M ABS 1e-3 
	sz -f -z test.dat.sz -o test.dat.sz.out -3 8 8 128 -M REL 1e-3 -a 
	sz -f -i test.dat    -o test.dat.sz.out -3 8 8 128 -M ABS_AND_REL -A 1 -R 1e-3 -a 
	sz -f -i test.dat    -o test.dat.sz.out -3 8 8 128 -c sz.config 
	sz -f -i test.dat    -o test.dat.sz.out -3 8 8 128 -c sz.config -M ABS 1e-3 -a
filename = velocity_x.dat 
eb1 = 822836.400000
eb2 = 82283.640000
Error: wrong error bound mode setting by using the option '-M'
Note: SZ3 command line arguments are backward compatible with SZ2, 
      use -h2 to show the supported SZ2 command line arguments. 
Usage: sz <options>
Options:
* general options:
	-h: print the help information
	-h2: print the help information for SZ2 style command line
	-v: print the version number
	-a : print compression results such as distortions
* input and output:
	-i <path> : original binary input file
	-o <path> : compressed output file, default in binary format
	-z <path> : compressed output (w -i) or input (w/o -i) file
	-t : store compressed output file in text format
* data type:
	-f: single precision (float type)
	-d: double precision (double type)
	-I <width>: integer type (width = 32 or 64)
* configuration file: 
	-c <configuration file> : configuration file sz.config
* error control: (the error control parameters here will overwrite the setting in sz.config)
	-M <error control mode> <error bound (optional)> 
	error control mode as follows: 
		ABS (absolute error bound)
		REL (value range based error bound, so a.k.a., VR_REL)
		PSNR (peak signal-to-noise ratio)
		NORM (norm2 error : sqrt(sum(xi-xi')^2)
		ABS_AND_REL (using min{ABS, REL})
		ABS_OR_REL (using max{ABS, REL})
	error bound can be set directly after the error control mode, or separately with the following options:
		-A <absolute error bound>: specifying absolute error bound
		-R <value_range based relative error bound>: specifying relative error bound
		-S <PSNR>: specifying PSNR
		-N <normErr>: specifying normErr
* dimensions: 
	-1 <nx> : dimension for 1D data such as data[nx]
	-2 <nx> <ny> : dimensions for 2D data such as data[ny][nx]
	-3 <nx> <ny> <nz> : dimensions for 3D data such as data[nz][ny][nx] 
	-4 <nx> <ny> <nz> <np>: dimensions for 4D data such as data[np][nz][ny][nx] 
* examples: 
	sz -f -i test.dat    -z test.dat.sz     -3 8 8 128 -M ABS 1e-3 
	sz -f -z test.dat.sz -o test.dat.sz.out -3 8 8 128 -M REL 1e-3 -a 
	sz -f -i test.dat    -o test.dat.sz.out -3 8 8 128 -M ABS_AND_REL -A 1 -R 1e-3 -a 
	sz -f -i test.dat    -o test.dat.sz.out -3 8 8 128 -c sz.config 
	sz -f -i test.dat    -o test.dat.sz.out -3 8 8 128 -c sz.config -M ABS 1e-3 -a
filename = velocity_x.dat 
eb1 = 822836.400000
eb2 = 82283.640000
Error: wrong error bound mode setting by using the option '-M'
Note: SZ3 command line arguments are backward compatible with SZ2, 
      use -h2 to show the supported SZ2 command line arguments. 
Usage: sz <options>
Options:
* general options:
	-h: print the help information
	-h2: print the help information for SZ2 style command line
	-v: print the version number
	-a : print compression results such as distortions
* input and output:
	-i <path> : original binary input file
	-o <path> : compressed output file, default in binary format
	-z <path> : compressed output (w -i) or input (w/o -i) file
	-t : store compressed output file in text format
* data type:
	-f: single precision (float type)
	-d: double precision (double type)
	-I <width>: integer type (width = 32 or 64)
* configuration file: 
	-c <configuration file> : configuration file sz.config
* error control: (the error control parameters here will overwrite the setting in sz.config)
	-M <error control mode> <error bound (optional)> 
	error control mode as follows: 
		ABS (absolute error bound)
		REL (value range based error bound, so a.k.a., VR_REL)
		PSNR (peak signal-to-noise ratio)
		NORM (norm2 error : sqrt(sum(xi-xi')^2)
		ABS_AND_REL (using min{ABS, REL})
		ABS_OR_REL (using max{ABS, REL})
	error bound can be set directly after the error control mode, or separately with the following options:
		-A <absolute error bound>: specifying absolute error bound
		-R <value_range based relative error bound>: specifying relative error bound
		-S <PSNR>: specifying PSNR
		-N <normErr>: specifying normErr
* dimensions: 
	-1 <nx> : dimension for 1D data such as data[nx]
	-2 <nx> <ny> : dimensions for 2D data such as data[ny][nx]
	-3 <nx> <ny> <nz> : dimensions for 3D data such as data[nz][ny][nx] 
	-4 <nx> <ny> <nz> <np>: dimensions for 4D data such as data[np][nz][ny][nx] 
* examples: 
	sz -f -i test.dat    -z test.dat.sz     -3 8 8 128 -M ABS 1e-3 
	sz -f -z test.dat.sz -o test.dat.sz.out -3 8 8 128 -M REL 1e-3 -a 
	sz -f -i test.dat    -o test.dat.sz.out -3 8 8 128 -M ABS_AND_REL -A 1 -R 1e-3 -a 
	sz -f -i test.dat    -o test.dat.sz.out -3 8 8 128 -c sz.config 
	sz -f -i test.dat    -o test.dat.sz.out -3 8 8 128 -c sz.config -M ABS 1e-3 -a
Error: compression file (velocity_x.dat.sz3.error.sz) is not readable.
====================================== BEGIN TUNING ================================
interp best interpAlgo = LINEAR
interp best direction = 0
choose interp
====================================== END TUNING ======================================
====================================== BEGIN TUNING ================================
interp best interpAlgo = LINEAR
interp best direction = 0
choose interp
====================================== END TUNING ======================================
CmprAlgo = ALGO_INTERP
compression time = 8.067837
compressed data file = /home/jp/data/NYX/velocity_x.dat.sz.tmp
Min=-50416856, Max=31866786, range=82283642
Max absolute error = 8.2E+04
Max relative error = 0.001
Max pw relative error = 8.3E+05
PSNR = 68.309329, NRMSE= 0.0003841789261
normError = 366228371.376156, normErr_norm = 0.004903
acEff=0.999988
compressionRatio= 97.601855
decompression time = 1.178109
decompressed file = velocity_x.dat.out
filename = velocity_x.dat 
eb1 = 822836.400000
eb2 = 82283.640000
====================================== BEGIN TUNING ================================
interp best interpAlgo = LINEAR
interp best direction = 0
choose interp
====================================== END TUNING ======================================
CmprAlgo = ALGO_INTERP
compression time = 7.576403
compressed data file = /home/jp/data/NYX/velocity_x.dat.sz.tmp
Min=-50416856, Max=31866786, range=82283642
Max absolute error = 8.2E+05
Max relative error = 0.01
Max pw relative error = 5E+06
PSNR = 53.750383, NRMSE= 0.002053434461
normError = 1957488834.747861, normErr_norm = 0.026252
acEff=0.999658
compressionRatio= 1484.750441
decompression time = 1.065726
decompressed file = velocity_x.dat.sz3.out
using SZ_compress_float_1D_MDQ for direct quantization
 compression time = 1.672100
compressed data file: velocity_x.dat.sz3.error.sz
using decompressDataSeries_float_1D for direct quantization
Min=-822836, Max=822836.1875, range=1645672.25
Max absolute error = 82283.6250000000
Max relative error = 0.050000
Max pw relative error = 1.000000
PSNR = 30.797020, NRMSE= 0.028850210584152290172
normError = 550043801.492883, normErr_norm = 0.270487
acEff=0.962723
compressionRatio=25.603815
decompression time = 1.020797
decompressed data file: velocity_x.dat.sz3.error.sz.out
====================================== BEGIN TUNING ================================
interp best interpAlgo = LINEAR
interp best direction = 0
choose interp
====================================== END TUNING ======================================
CmprAlgo = ALGO_INTERP
compression time = 7.929363
compressed data file = velocity_x.dat.sz3.error.sz.tmp
Min=-822836, Max=822836.1875, range=1645672.1875
Max absolute error = 8.2E+04
Max relative error = 0.05
Max pw relative error = 7.2E+05
PSNR = 34.329953, NRMSE= 0.01920889275
normError = 366227205.182079, normErr_norm = 0.191171
acEff=0.982349
compressionRatio= 98.378565
decompression time = 1.186351
decompressed file = velocity_x.dat.sz3.error.out
====================================== BEGIN TUNING ================================
interp best interpAlgo = LINEAR
interp best direction = 0
choose interp
====================================== END TUNING ======================================
CmprAlgo = ALGO_INTERP
compression time = 8.141968
compressed data file = /home/jp/data/NYX/velocity_x.dat.sz.tmp
Min=-50416856, Max=31866786, range=82283642
Max absolute error = 8.2E+04
Max relative error = 0.001
Max pw relative error = 8.3E+05
PSNR = 68.309329, NRMSE= 0.0003841789261
normError = 366228371.376156, normErr_norm = 0.004903
acEff=0.999988
compressionRatio= 97.601855
decompression time = 1.180733
decompressed file = velocity_x.dat.out
